[2022-02-27 22:47:51] [[32minfo[39m]: ==================== constructor AuthenticationRepository====================
[2022-02-27 22:47:51] [[32minfo[39m]: ==================== constructor AuthenticationService====================
[2022-02-27 22:47:51] [[32minfo[39m]: ==================== constructor RoleRepository====================
[2022-02-27 22:47:51] [[32minfo[39m]: ==================== constructor RoleService====================
[2022-02-27 22:48:15] [[32minfo[39m]: ==================== constructor AuthenticationRepository====================
[2022-02-27 22:48:15] [[32minfo[39m]: ==================== constructor AuthenticationService====================
[2022-02-27 22:48:15] [[32minfo[39m]: ==================== constructor RoleRepository====================
[2022-02-27 22:48:15] [[32minfo[39m]: ==================== constructor RoleService====================
[2022-02-27 22:53:24] [[32minfo[39m]: ==================== constructor AuthenticationRepository====================
[2022-02-27 22:53:24] [[32minfo[39m]: ==================== constructor AuthenticationService====================
[2022-02-27 22:53:24] [[32minfo[39m]: ==================== constructor RoleRepository====================
[2022-02-27 22:53:24] [[32minfo[39m]: ==================== constructor RoleService====================
[2022-02-27 22:53:37] [[32minfo[39m]: ==================== RoleService, call method GetAll ====================
[2022-02-27 22:53:37] [[32minfo[39m]: ==================== RoleRepository, call method GetAll ====================
[2022-02-27 22:58:23] [[32minfo[39m]: ==================== constructor AuthenticationRepository====================
[2022-02-27 22:58:23] [[32minfo[39m]: ==================== constructor AuthenticationService====================
[2022-02-27 22:58:23] [[32minfo[39m]: ==================== constructor RoleRepository====================
[2022-02-27 22:58:23] [[32minfo[39m]: ==================== constructor RoleService====================
[2022-02-27 22:58:36] [[32minfo[39m]: ==================== RoleService, call method GetById ====================
[2022-02-27 22:59:36] [[32minfo[39m]: ==================== constructor AuthenticationRepository====================
[2022-02-27 22:59:36] [[32minfo[39m]: ==================== constructor AuthenticationService====================
[2022-02-27 22:59:36] [[32minfo[39m]: ==================== constructor RoleRepository====================
[2022-02-27 22:59:36] [[32minfo[39m]: ==================== constructor RoleService====================
[2022-02-27 22:59:41] [[32minfo[39m]: ==================== RoleService, call method GetById ====================
[2022-02-27 22:59:41] [[32minfo[39m]: ==================== RoleRepository, call method GetById ====================
[2022-02-27 23:14:44] [[32minfo[39m]: ==================== constructor AuthenticationRepository====================
[2022-02-27 23:14:44] [[32minfo[39m]: ==================== constructor AuthenticationService====================
[2022-02-27 23:14:44] [[32minfo[39m]: ==================== constructor RoleRepository====================
[2022-02-27 23:14:44] [[32minfo[39m]: ==================== constructor RoleService====================
[2022-02-27 23:14:48] [[32minfo[39m]: ==================== RoleService, call method GetById ====================
[2022-02-27 23:14:48] [[32minfo[39m]: ==================== RoleRepository, call method GetById ====================
[2022-02-27 23:22:43] [[32minfo[39m]: ==================== constructor AuthenticationRepository====================
[2022-02-27 23:22:43] [[32minfo[39m]: ==================== constructor AuthenticationService====================
[2022-02-27 23:22:43] [[32minfo[39m]: ==================== constructor RoleRepository====================
[2022-02-27 23:22:43] [[32minfo[39m]: ==================== constructor RoleService====================
[2022-02-27 23:33:34] [[32minfo[39m]: ==================== constructor AuthenticationRepository====================
[2022-02-27 23:33:34] [[32minfo[39m]: ==================== constructor AuthenticationService====================
[2022-02-27 23:33:34] [[32minfo[39m]: ==================== constructor RoleRepository====================
[2022-02-27 23:33:34] [[32minfo[39m]: ==================== constructor RoleService====================
[2022-02-27 23:34:09] [[32minfo[39m]: ==================== RoleService, call method GetById ====================
[2022-02-27 23:34:28] [[32minfo[39m]: ==================== RoleRepository, call method GetById ====================
[2022-02-27 23:34:30] [[32minfo[39m]: ==================== constructor AuthenticationRepository====================
[2022-02-27 23:34:30] [[32minfo[39m]: ==================== constructor AuthenticationService====================
[2022-02-27 23:34:30] [[32minfo[39m]: ==================== constructor RoleRepository====================
[2022-02-27 23:34:30] [[32minfo[39m]: ==================== constructor RoleService====================
[2022-02-27 23:34:44] [[32minfo[39m]: ==================== RoleService, call method GetById ====================
[2022-02-27 23:34:44] [[32minfo[39m]: ==================== RoleRepository, call method GetById ====================
[2022-02-27 23:36:57] [[32minfo[39m]: ==================== constructor AuthenticationRepository====================
[2022-02-27 23:36:57] [[32minfo[39m]: ==================== constructor AuthenticationService====================
[2022-02-27 23:36:57] [[32minfo[39m]: ==================== constructor RoleRepository====================
[2022-02-27 23:36:57] [[32minfo[39m]: ==================== constructor RoleService====================
[2022-02-27 23:42:26] [[32minfo[39m]: ==================== constructor AuthenticationRepository====================
[2022-02-27 23:42:26] [[32minfo[39m]: ==================== constructor AuthenticationService====================
[2022-02-27 23:42:26] [[32minfo[39m]: ==================== constructor RoleRepository====================
[2022-02-27 23:42:26] [[32minfo[39m]: ==================== constructor RoleService====================
[2022-02-27 23:42:38] [[32minfo[39m]: ==================== constructor AuthenticationRepository====================
[2022-02-27 23:42:38] [[32minfo[39m]: ==================== constructor AuthenticationService====================
[2022-02-27 23:42:38] [[32minfo[39m]: ==================== constructor RoleRepository====================
[2022-02-27 23:42:38] [[32minfo[39m]: ==================== constructor RoleService====================
[2022-02-27 23:43:07] [[32minfo[39m]: ==================== constructor AuthenticationRepository====================
[2022-02-27 23:43:07] [[32minfo[39m]: ==================== constructor AuthenticationService====================
[2022-02-27 23:43:07] [[32minfo[39m]: ==================== constructor RoleRepository====================
[2022-02-27 23:43:07] [[32minfo[39m]: ==================== constructor RoleService====================
[2022-02-27 23:45:32] [[32minfo[39m]: ==================== constructor AuthenticationRepository====================
[2022-02-27 23:45:32] [[32minfo[39m]: ==================== constructor AuthenticationService====================
[2022-02-27 23:45:32] [[32minfo[39m]: ==================== constructor RoleRepository====================
[2022-02-27 23:45:32] [[32minfo[39m]: ==================== constructor RoleService====================
[2022-02-27 23:45:51] [[32minfo[39m]: ==================== RoleService, call method Create ====================
[2022-02-27 23:47:32] [[32minfo[39m]: ==================== constructor AuthenticationRepository====================
[2022-02-27 23:47:32] [[32minfo[39m]: ==================== constructor AuthenticationService====================
[2022-02-27 23:47:32] [[32minfo[39m]: ==================== constructor RoleRepository====================
[2022-02-27 23:47:32] [[32minfo[39m]: ==================== constructor RoleService====================
[2022-02-27 23:48:21] [[32minfo[39m]: ==================== constructor AuthenticationRepository====================
[2022-02-27 23:48:21] [[32minfo[39m]: ==================== constructor AuthenticationService====================
[2022-02-27 23:48:21] [[32minfo[39m]: ==================== constructor RoleRepository====================
[2022-02-27 23:48:21] [[32minfo[39m]: ==================== constructor RoleService====================
[2022-02-27 23:48:37] [[32minfo[39m]: ==================== RoleService, call method Create ====================
[2022-02-27 23:49:19] [[32minfo[39m]: ==================== constructor AuthenticationRepository====================
[2022-02-27 23:49:19] [[32minfo[39m]: ==================== constructor AuthenticationService====================
[2022-02-27 23:49:19] [[32minfo[39m]: ==================== constructor RoleRepository====================
[2022-02-27 23:49:19] [[32minfo[39m]: ==================== constructor RoleService====================
[2022-02-27 23:49:22] [[32minfo[39m]: ==================== RoleService, call method Create ====================
[2022-02-27 23:49:22] [[32minfo[39m]: ==================== RoleRepository, call method Create ====================
[2022-02-27 23:50:50] [[32minfo[39m]: ==================== constructor AuthenticationRepository====================
[2022-02-27 23:50:50] [[32minfo[39m]: ==================== constructor AuthenticationService====================
[2022-02-27 23:50:50] [[32minfo[39m]: ==================== constructor RoleRepository====================
[2022-02-27 23:50:50] [[32minfo[39m]: ==================== constructor RoleService====================
[2022-02-27 23:50:57] [[32minfo[39m]: ==================== RoleService, call method Create ====================
[2022-02-27 23:50:57] [[32minfo[39m]: ==================== RoleRepository, call method Create ====================
[2022-02-27 23:50:57] [[32minfo[39m]: undefined
[2022-02-27 23:52:04] [[32minfo[39m]: ==================== constructor AuthenticationRepository====================
[2022-02-27 23:52:04] [[32minfo[39m]: ==================== constructor AuthenticationService====================
[2022-02-27 23:52:04] [[32minfo[39m]: ==================== constructor RoleRepository====================
[2022-02-27 23:52:04] [[32minfo[39m]: ==================== constructor RoleService====================
[2022-02-27 23:52:07] [[32minfo[39m]: ==================== RoleService, call method Create ====================
[2022-02-27 23:52:07] [[32minfo[39m]: undefined
[2022-02-27 23:52:07] [[32minfo[39m]: ==================== RoleRepository, call method Create ====================
[2022-02-27 23:53:46] [[32minfo[39m]: ==================== constructor AuthenticationRepository====================
[2022-02-27 23:53:46] [[32minfo[39m]: ==================== constructor AuthenticationService====================
[2022-02-27 23:53:46] [[32minfo[39m]: ==================== constructor RoleRepository====================
[2022-02-27 23:53:46] [[32minfo[39m]: ==================== constructor RoleService====================
[2022-02-27 23:54:17] [[32minfo[39m]: ==================== constructor AuthenticationRepository====================
[2022-02-27 23:54:17] [[32minfo[39m]: ==================== constructor AuthenticationService====================
[2022-02-27 23:54:17] [[32minfo[39m]: ==================== constructor RoleRepository====================
[2022-02-27 23:54:17] [[32minfo[39m]: ==================== constructor RoleService====================
[2022-02-27 23:54:20] [[32minfo[39m]: undefined
[2022-02-27 23:54:20] [[32minfo[39m]: ==================== RoleService, call method Create ====================
[2022-02-27 23:54:20] [[32minfo[39m]: ==================== RoleRepository, call method Create ====================
[2022-02-27 23:55:38] [[32minfo[39m]: ==================== constructor AuthenticationRepository====================
[2022-02-27 23:55:38] [[32minfo[39m]: ==================== constructor AuthenticationService====================
[2022-02-27 23:55:38] [[32minfo[39m]: ==================== constructor RoleRepository====================
[2022-02-27 23:55:38] [[32minfo[39m]: ==================== constructor RoleService====================
[2022-02-27 23:55:49] [[32minfo[39m]: [object Object]
[2022-02-27 23:55:49] [[32minfo[39m]: ==================== RoleService, call method Create ====================
[2022-02-27 23:55:49] [[32minfo[39m]: ==================== RoleRepository, call method Create ====================
[2022-02-27 23:59:06] [[32minfo[39m]: ==================== constructor AuthenticationRepository====================
[2022-02-27 23:59:06] [[32minfo[39m]: ==================== constructor AuthenticationService====================
[2022-02-27 23:59:06] [[32minfo[39m]: ==================== constructor RoleRepository====================
[2022-02-27 23:59:06] [[32minfo[39m]: ==================== constructor RoleService====================
[2022-02-27 23:59:35] [[32minfo[39m]: undefined
[2022-02-27 23:59:35] [[32minfo[39m]: ==================== RoleService, call method Create ====================
[2022-02-27 23:59:35] [[32minfo[39m]: ==================== RoleRepository, call method Create ====================
[2022-02-28 00:01:57] [[32minfo[39m]: ==================== constructor AuthenticationRepository====================
[2022-02-28 00:01:57] [[32minfo[39m]: ==================== constructor AuthenticationService====================
[2022-02-28 00:01:57] [[32minfo[39m]: ==================== constructor RoleRepository====================
[2022-02-28 00:01:57] [[32minfo[39m]: ==================== constructor RoleService====================
[2022-02-28 00:02:01] [[32minfo[39m]: [object Object]
[2022-02-28 00:02:42] [[32minfo[39m]: ==================== constructor AuthenticationRepository====================
[2022-02-28 00:02:42] [[32minfo[39m]: ==================== constructor AuthenticationService====================
[2022-02-28 00:02:42] [[32minfo[39m]: ==================== constructor RoleRepository====================
[2022-02-28 00:02:42] [[32minfo[39m]: ==================== constructor RoleService====================
[2022-02-28 00:02:45] [[32minfo[39m]: ==================== RoleService, call method Create ====================
[2022-02-28 00:02:45] [[32minfo[39m]: ==================== RoleRepository, call method Create ====================
[2022-02-28 00:07:10] [[32minfo[39m]: ==================== constructor AuthenticationRepository====================
[2022-02-28 00:07:10] [[32minfo[39m]: ==================== constructor AuthenticationService====================
[2022-02-28 00:07:10] [[32minfo[39m]: ==================== constructor RoleRepository====================
[2022-02-28 00:07:10] [[32minfo[39m]: ==================== constructor RoleService====================
[2022-02-28 00:12:36] [[32minfo[39m]: ==================== constructor AuthenticationRepository====================
[2022-02-28 00:12:36] [[32minfo[39m]: ==================== constructor AuthenticationService====================
[2022-02-28 00:12:36] [[32minfo[39m]: ==================== constructor RoleRepository====================
[2022-02-28 00:12:36] [[32minfo[39m]: ==================== constructor RoleService====================
[2022-02-28 00:14:51] [[32minfo[39m]: ==================== constructor AuthenticationRepository====================
[2022-02-28 00:14:51] [[32minfo[39m]: ==================== constructor AuthenticationService====================
[2022-02-28 00:14:51] [[32minfo[39m]: ==================== constructor RoleRepository====================
[2022-02-28 00:14:51] [[32minfo[39m]: ==================== constructor RoleService====================
[2022-02-28 00:20:12] [[32minfo[39m]: ==================== constructor AuthenticationRepository====================
[2022-02-28 00:20:12] [[32minfo[39m]: ==================== constructor AuthenticationService====================
[2022-02-28 00:20:12] [[32minfo[39m]: ==================== constructor RoleRepository====================
[2022-02-28 00:20:12] [[32minfo[39m]: ==================== constructor RoleService====================
[2022-02-28 00:20:59] [[32minfo[39m]: ==================== constructor AuthenticationRepository====================
[2022-02-28 00:20:59] [[32minfo[39m]: ==================== constructor AuthenticationService====================
[2022-02-28 00:20:59] [[32minfo[39m]: ==================== constructor RoleRepository====================
[2022-02-28 00:20:59] [[32minfo[39m]: ==================== constructor RoleService====================
[2022-02-28 00:23:11] [[32minfo[39m]: ==================== constructor AuthenticationRepository====================
[2022-02-28 00:23:11] [[32minfo[39m]: ==================== constructor AuthenticationService====================
[2022-02-28 00:23:11] [[32minfo[39m]: ==================== constructor RoleRepository====================
[2022-02-28 00:23:11] [[32minfo[39m]: ==================== constructor RoleService====================
[2022-02-28 00:26:56] [[32minfo[39m]: ==================== constructor AuthenticationRepository====================
[2022-02-28 00:26:56] [[32minfo[39m]: ==================== constructor AuthenticationService====================
[2022-02-28 00:26:56] [[32minfo[39m]: ==================== constructor RoleRepository====================
[2022-02-28 00:26:56] [[32minfo[39m]: ==================== constructor RoleService====================
[2022-02-28 00:28:42] [[32minfo[39m]: ==================== constructor AuthenticationRepository====================
[2022-02-28 00:28:42] [[32minfo[39m]: ==================== constructor AuthenticationService====================
[2022-02-28 00:28:42] [[32minfo[39m]: ==================== constructor RoleRepository====================
[2022-02-28 00:28:42] [[32minfo[39m]: ==================== constructor RoleService====================
[2022-02-28 00:29:08] [[32minfo[39m]: ==================== constructor AuthenticationRepository====================
[2022-02-28 00:29:08] [[32minfo[39m]: ==================== constructor AuthenticationService====================
[2022-02-28 00:29:08] [[32minfo[39m]: ==================== constructor RoleRepository====================
[2022-02-28 00:29:08] [[32minfo[39m]: ==================== constructor RoleService====================
[2022-02-28 00:30:08] [[32minfo[39m]: ==================== constructor AuthenticationRepository====================
[2022-02-28 00:30:08] [[32minfo[39m]: ==================== constructor AuthenticationService====================
[2022-02-28 00:30:08] [[32minfo[39m]: ==================== constructor RoleRepository====================
[2022-02-28 00:30:08] [[32minfo[39m]: ==================== constructor RoleService====================
[2022-02-28 00:30:48] [[32minfo[39m]: ==================== constructor AuthenticationRepository====================
[2022-02-28 00:30:48] [[32minfo[39m]: ==================== constructor AuthenticationService====================
[2022-02-28 00:30:48] [[32minfo[39m]: ==================== constructor RoleRepository====================
[2022-02-28 00:30:48] [[32minfo[39m]: ==================== constructor RoleService====================
[2022-02-28 00:31:20] [[32minfo[39m]: ==================== constructor AuthenticationRepository====================
[2022-02-28 00:31:20] [[32minfo[39m]: ==================== constructor AuthenticationService====================
[2022-02-28 00:31:20] [[32minfo[39m]: ==================== constructor RoleRepository====================
[2022-02-28 00:31:20] [[32minfo[39m]: ==================== constructor RoleService====================
[2022-02-28 00:34:06] [[32minfo[39m]: ==================== constructor AuthenticationRepository====================
[2022-02-28 00:34:06] [[32minfo[39m]: ==================== constructor AuthenticationService====================
[2022-02-28 00:34:06] [[32minfo[39m]: ==================== constructor RoleRepository====================
[2022-02-28 00:34:06] [[32minfo[39m]: ==================== constructor RoleService====================
[2022-02-28 00:34:34] [[32minfo[39m]: ==================== constructor AuthenticationRepository====================
[2022-02-28 00:34:34] [[32minfo[39m]: ==================== constructor AuthenticationService====================
[2022-02-28 00:34:34] [[32minfo[39m]: ==================== constructor RoleRepository====================
[2022-02-28 00:34:34] [[32minfo[39m]: ==================== constructor RoleService====================
[2022-02-28 00:35:56] [[32minfo[39m]: ==================== constructor AuthenticationRepository====================
[2022-02-28 00:35:56] [[32minfo[39m]: ==================== constructor AuthenticationService====================
[2022-02-28 00:35:56] [[32minfo[39m]: ==================== constructor RoleRepository====================
[2022-02-28 00:35:56] [[32minfo[39m]: ==================== constructor RoleService====================
[2022-02-28 00:36:46] [[32minfo[39m]: ==================== constructor AuthenticationRepository====================
[2022-02-28 00:36:46] [[32minfo[39m]: ==================== constructor AuthenticationService====================
[2022-02-28 00:36:46] [[32minfo[39m]: ==================== constructor RoleRepository====================
[2022-02-28 00:36:46] [[32minfo[39m]: ==================== constructor RoleService====================
[2022-02-28 00:37:13] [[32minfo[39m]: ==================== constructor AuthenticationRepository====================
[2022-02-28 00:37:13] [[32minfo[39m]: ==================== constructor AuthenticationService====================
[2022-02-28 00:37:13] [[32minfo[39m]: ==================== constructor RoleRepository====================
[2022-02-28 00:37:13] [[32minfo[39m]: ==================== constructor RoleService====================
[2022-02-28 00:37:46] [[32minfo[39m]: ==================== constructor AuthenticationRepository====================
[2022-02-28 00:37:46] [[32minfo[39m]: ==================== constructor AuthenticationService====================
[2022-02-28 00:37:46] [[32minfo[39m]: ==================== constructor RoleRepository====================
[2022-02-28 00:37:46] [[32minfo[39m]: ==================== constructor RoleService====================
[2022-02-28 00:38:25] [[32minfo[39m]: ==================== constructor AuthenticationRepository====================
[2022-02-28 00:38:25] [[32minfo[39m]: ==================== constructor AuthenticationService====================
[2022-02-28 00:38:25] [[32minfo[39m]: ==================== constructor RoleRepository====================
[2022-02-28 00:38:25] [[32minfo[39m]: ==================== constructor RoleService====================
[2022-02-28 00:44:21] [[32minfo[39m]: ==================== constructor AuthenticationRepository====================
[2022-02-28 00:44:21] [[32minfo[39m]: ==================== constructor AuthenticationService====================
[2022-02-28 00:44:21] [[32minfo[39m]: ==================== constructor RoleRepository====================
[2022-02-28 00:44:21] [[32minfo[39m]: ==================== constructor RoleService====================
[2022-02-28 00:47:51] [[32minfo[39m]: ==================== constructor AuthenticationRepository====================
[2022-02-28 00:47:51] [[32minfo[39m]: ==================== constructor AuthenticationService====================
[2022-02-28 00:47:51] [[32minfo[39m]: ==================== constructor RoleRepository====================
[2022-02-28 00:47:51] [[32minfo[39m]: ==================== constructor RoleService====================
[2022-02-28 00:48:31] [[32minfo[39m]: ==================== constructor AuthenticationRepository====================
[2022-02-28 00:48:31] [[32minfo[39m]: ==================== constructor AuthenticationService====================
[2022-02-28 00:48:31] [[32minfo[39m]: ==================== constructor RoleRepository====================
[2022-02-28 00:48:31] [[32minfo[39m]: ==================== constructor RoleService====================
[2022-02-28 00:50:10] [[32minfo[39m]: ==================== constructor AuthenticationRepository====================
[2022-02-28 00:50:10] [[32minfo[39m]: ==================== constructor AuthenticationService====================
[2022-02-28 00:50:10] [[32minfo[39m]: ==================== constructor RoleRepository====================
[2022-02-28 00:50:10] [[32minfo[39m]: ==================== constructor RoleService====================
[2022-02-28 00:57:32] [[32minfo[39m]: ==================== constructor AuthenticationRepository====================
[2022-02-28 00:57:32] [[32minfo[39m]: ==================== constructor AuthenticationService====================
[2022-02-28 00:57:32] [[32minfo[39m]: ==================== constructor RoleRepository====================
[2022-02-28 00:57:32] [[32minfo[39m]: ==================== constructor RoleService====================
[2022-02-28 01:01:01] [[32minfo[39m]: ==================== constructor AuthenticationRepository====================
[2022-02-28 01:01:01] [[32minfo[39m]: ==================== constructor AuthenticationService====================
[2022-02-28 01:01:01] [[32minfo[39m]: ==================== constructor RoleRepository====================
[2022-02-28 01:01:01] [[32minfo[39m]: ==================== constructor RoleService====================
[2022-02-28 01:03:41] [[32minfo[39m]: ==================== constructor AuthenticationRepository====================
[2022-02-28 01:03:41] [[32minfo[39m]: ==================== constructor AuthenticationService====================
[2022-02-28 01:03:41] [[32minfo[39m]: ==================== constructor RoleRepository====================
[2022-02-28 01:03:41] [[32minfo[39m]: ==================== constructor RoleService====================
[2022-02-28 01:10:09] [[32minfo[39m]: ==================== constructor AuthenticationRepository====================
[2022-02-28 01:10:09] [[32minfo[39m]: ==================== constructor AuthenticationService====================
[2022-02-28 01:10:09] [[32minfo[39m]: ==================== constructor RoleRepository====================
[2022-02-28 01:10:09] [[32minfo[39m]: ==================== constructor RoleService====================
[2022-02-28 01:11:18] [[32minfo[39m]: ==================== constructor AuthenticationRepository====================
[2022-02-28 01:11:18] [[32minfo[39m]: ==================== constructor AuthenticationService====================
[2022-02-28 01:11:18] [[32minfo[39m]: ==================== constructor RoleRepository====================
[2022-02-28 01:11:18] [[32minfo[39m]: ==================== constructor RoleService====================
[2022-02-28 01:12:37] [[32minfo[39m]: ==================== constructor AuthenticationRepository====================
[2022-02-28 01:12:37] [[32minfo[39m]: ==================== constructor AuthenticationService====================
[2022-02-28 01:12:37] [[32minfo[39m]: ==================== constructor RoleRepository====================
[2022-02-28 01:12:37] [[32minfo[39m]: ==================== constructor RoleService====================
[2022-02-28 01:13:40] [[32minfo[39m]: ==================== constructor AuthenticationRepository====================
[2022-02-28 01:13:40] [[32minfo[39m]: ==================== constructor AuthenticationService====================
[2022-02-28 01:13:40] [[32minfo[39m]: ==================== constructor RoleRepository====================
[2022-02-28 01:13:40] [[32minfo[39m]: ==================== constructor RoleService====================
[2022-02-28 01:14:55] [[32minfo[39m]: ==================== constructor AuthenticationRepository====================
[2022-02-28 01:14:55] [[32minfo[39m]: ==================== constructor AuthenticationService====================
[2022-02-28 01:14:55] [[32minfo[39m]: ==================== constructor RoleRepository====================
[2022-02-28 01:14:55] [[32minfo[39m]: ==================== constructor RoleService====================
[2022-02-28 01:15:03] [[32minfo[39m]: ==================== RoleService, call method Create ====================
[2022-02-28 01:15:03] [[32minfo[39m]: ==================== RoleRepository, call method Create ====================
[2022-02-28 01:16:20] [[32minfo[39m]: ==================== constructor AuthenticationRepository====================
[2022-02-28 01:16:20] [[32minfo[39m]: ==================== constructor AuthenticationService====================
[2022-02-28 01:16:20] [[32minfo[39m]: ==================== constructor RoleRepository====================
[2022-02-28 01:16:20] [[32minfo[39m]: ==================== constructor RoleService====================
[2022-02-28 01:16:34] [[32minfo[39m]: ==================== RoleService, call method Create ====================
[2022-02-28 01:16:34] [[32minfo[39m]: ==================== RoleRepository, call method Create ====================
[2022-02-28 01:18:29] [[32minfo[39m]: ==================== constructor AuthenticationRepository====================
[2022-02-28 01:18:29] [[32minfo[39m]: ==================== constructor AuthenticationService====================
[2022-02-28 01:18:29] [[32minfo[39m]: ==================== constructor RoleRepository====================
[2022-02-28 01:18:29] [[32minfo[39m]: ==================== constructor RoleService====================
[2022-02-28 01:19:35] [[32minfo[39m]: ==================== constructor AuthenticationRepository====================
[2022-02-28 01:19:35] [[32minfo[39m]: ==================== constructor AuthenticationService====================
[2022-02-28 01:19:35] [[32minfo[39m]: ==================== constructor RoleRepository====================
[2022-02-28 01:19:35] [[32minfo[39m]: ==================== constructor RoleService====================
[2022-02-28 01:19:43] [[32minfo[39m]: ==================== RoleService, call method Create ====================
[2022-02-28 01:19:43] [[32minfo[39m]: ==================== RoleRepository, call method Create ====================
[2022-02-28 01:26:17] [[32minfo[39m]: ==================== constructor AuthenticationRepository====================
[2022-02-28 01:26:17] [[32minfo[39m]: ==================== constructor AuthenticationService====================
[2022-02-28 01:26:17] [[32minfo[39m]: ==================== constructor RoleRepository====================
[2022-02-28 01:26:17] [[32minfo[39m]: ==================== constructor RoleService====================
[2022-02-28 01:26:29] [[32minfo[39m]: ==================== RoleService, call method Create ====================
[2022-02-28 01:26:29] [[32minfo[39m]: ==================== RoleRepository, call method Create ====================
[2022-02-28 01:27:06] [[32minfo[39m]: ==================== constructor AuthenticationRepository====================
[2022-02-28 01:27:06] [[32minfo[39m]: ==================== constructor AuthenticationService====================
[2022-02-28 01:27:06] [[32minfo[39m]: ==================== constructor RoleRepository====================
[2022-02-28 01:27:06] [[32minfo[39m]: ==================== constructor RoleService====================
[2022-02-28 01:27:08] [[32minfo[39m]: ==================== RoleService, call method Create ====================
[2022-02-28 01:27:08] [[32minfo[39m]: ==================== RoleRepository, call method Create ====================
[2022-02-28 01:31:53] [[32minfo[39m]: ==================== constructor AuthenticationRepository====================
[2022-02-28 01:31:53] [[32minfo[39m]: ==================== constructor AuthenticationService====================
[2022-02-28 01:31:53] [[32minfo[39m]: ==================== constructor RoleRepository====================
[2022-02-28 01:31:53] [[32minfo[39m]: ==================== constructor RoleService====================
[2022-02-28 01:32:55] [[32minfo[39m]: ==================== constructor AuthenticationRepository====================
[2022-02-28 01:32:55] [[32minfo[39m]: ==================== constructor AuthenticationService====================
[2022-02-28 01:32:55] [[32minfo[39m]: ==================== constructor RoleRepository====================
[2022-02-28 01:32:55] [[32minfo[39m]: ==================== constructor RoleService====================
[2022-02-28 01:34:26] [[32minfo[39m]: ==================== constructor AuthenticationRepository====================
[2022-02-28 01:34:26] [[32minfo[39m]: ==================== constructor AuthenticationService====================
[2022-02-28 01:34:26] [[32minfo[39m]: ==================== constructor RoleRepository====================
[2022-02-28 01:34:26] [[32minfo[39m]: ==================== constructor RoleService====================
[2022-02-28 01:34:38] [[32minfo[39m]: ==================== RoleService, call method Create ====================
[2022-02-28 01:34:38] [[32minfo[39m]: ==================== RoleRepository, call method Create ====================
[2022-02-28 01:36:08] [[32minfo[39m]: ==================== constructor AuthenticationRepository====================
[2022-02-28 01:36:08] [[32minfo[39m]: ==================== constructor AuthenticationService====================
[2022-02-28 01:36:08] [[32minfo[39m]: ==================== constructor RoleRepository====================
[2022-02-28 01:36:08] [[32minfo[39m]: ==================== constructor RoleService====================
[2022-02-28 01:36:10] [[32minfo[39m]: ==================== RoleService, call method Create ====================
[2022-02-28 01:36:10] [[32minfo[39m]: ==================== RoleRepository, call method Create ====================
[2022-02-28 01:39:43] [[32minfo[39m]: ==================== constructor AuthenticationRepository====================
[2022-02-28 01:39:43] [[32minfo[39m]: ==================== constructor AuthenticationService====================
[2022-02-28 01:39:43] [[32minfo[39m]: ==================== constructor RoleRepository====================
[2022-02-28 01:39:43] [[32minfo[39m]: ==================== constructor RoleService====================
[2022-02-28 01:39:47] [[32minfo[39m]: ==================== RoleService, call method Create ====================
[2022-02-28 01:39:47] [[32minfo[39m]: ==================== RoleRepository, call method Create ====================
[2022-02-28 01:41:58] [[32minfo[39m]: ==================== RoleService, call method Create ====================
[2022-02-28 01:41:58] [[32minfo[39m]: ==================== RoleRepository, call method Create ====================
[2022-02-28 01:45:40] [[32minfo[39m]: ==================== constructor AuthenticationRepository====================
[2022-02-28 01:45:40] [[32minfo[39m]: ==================== constructor AuthenticationService====================
[2022-02-28 01:45:40] [[32minfo[39m]: ==================== constructor RoleRepository====================
[2022-02-28 01:45:40] [[32minfo[39m]: ==================== constructor RoleService====================
[2022-02-28 01:46:40] [[32minfo[39m]: ==================== constructor AuthenticationRepository====================
[2022-02-28 01:46:40] [[32minfo[39m]: ==================== constructor AuthenticationService====================
[2022-02-28 01:46:40] [[32minfo[39m]: ==================== constructor RoleRepository====================
[2022-02-28 01:46:40] [[32minfo[39m]: ==================== constructor RoleService====================
[2022-02-28 01:48:53] [[32minfo[39m]: ==================== constructor AuthenticationRepository====================
[2022-02-28 01:48:53] [[32minfo[39m]: ==================== constructor AuthenticationService====================
[2022-02-28 01:48:53] [[32minfo[39m]: ==================== constructor RoleRepository====================
[2022-02-28 01:48:53] [[32minfo[39m]: ==================== constructor RoleService====================
[2022-02-28 01:48:53] [[32minfo[39m]: ==================== RoleService, call method Create ====================
[2022-02-28 01:48:53] [[32minfo[39m]: ==================== RoleRepository, call method Create ====================
[2022-02-28 01:50:26] [[32minfo[39m]: ==================== constructor AuthenticationRepository====================
[2022-02-28 01:50:26] [[32minfo[39m]: ==================== constructor AuthenticationService====================
[2022-02-28 01:50:26] [[32minfo[39m]: ==================== constructor RoleRepository====================
[2022-02-28 01:50:26] [[32minfo[39m]: ==================== constructor RoleService====================
[2022-02-28 01:53:13] [[32minfo[39m]: ==================== constructor AuthenticationRepository====================
[2022-02-28 01:53:13] [[32minfo[39m]: ==================== constructor AuthenticationService====================
[2022-02-28 01:53:13] [[32minfo[39m]: ==================== constructor RoleRepository====================
[2022-02-28 01:53:13] [[32minfo[39m]: ==================== constructor RoleService====================
[2022-02-28 01:54:23] [[32minfo[39m]: ==================== constructor AuthenticationRepository====================
[2022-02-28 01:54:23] [[32minfo[39m]: ==================== constructor AuthenticationService====================
[2022-02-28 01:54:23] [[32minfo[39m]: ==================== constructor RoleRepository====================
[2022-02-28 01:54:23] [[32minfo[39m]: ==================== constructor RoleService====================
[2022-02-28 01:58:53] [[32minfo[39m]: ==================== constructor AuthenticationRepository====================
[2022-02-28 01:58:53] [[32minfo[39m]: ==================== constructor AuthenticationService====================
[2022-02-28 01:58:53] [[32minfo[39m]: ==================== constructor RoleRepository====================
[2022-02-28 01:58:53] [[32minfo[39m]: ==================== constructor RoleService====================
[2022-02-28 01:59:02] [[32minfo[39m]: ==================== RoleService, call method Create ====================
[2022-02-28 01:59:02] [[32minfo[39m]: ==================== RoleRepository, call method Create ====================
[2022-02-28 02:00:30] [[32minfo[39m]: ==================== constructor AuthenticationRepository====================
[2022-02-28 02:00:30] [[32minfo[39m]: ==================== constructor AuthenticationService====================
[2022-02-28 02:00:30] [[32minfo[39m]: ==================== constructor RoleRepository====================
[2022-02-28 02:00:30] [[32minfo[39m]: ==================== constructor RoleService====================
[2022-02-28 02:00:33] [[32minfo[39m]: ==================== RoleService, call method Create ====================
[2022-02-28 02:00:33] [[32minfo[39m]: ==================== RoleRepository, call method Create ====================
[2022-02-28 02:00:41] [[32minfo[39m]: ==================== RoleService, call method Create ====================
[2022-02-28 02:00:41] [[32minfo[39m]: ==================== RoleRepository, call method Create ====================
[2022-02-28 02:02:29] [[32minfo[39m]: ==================== constructor AuthenticationRepository====================
[2022-02-28 02:02:29] [[32minfo[39m]: ==================== constructor AuthenticationService====================
[2022-02-28 02:02:29] [[32minfo[39m]: ==================== constructor RoleRepository====================
[2022-02-28 02:02:29] [[32minfo[39m]: ==================== constructor RoleService====================
[2022-02-28 02:02:36] [[32minfo[39m]: ==================== RoleService, call method Create ====================
[2022-02-28 02:02:36] [[32minfo[39m]: ==================== RoleRepository, call method Create ====================
[2022-02-28 02:04:10] [[32minfo[39m]: ==================== constructor AuthenticationRepository====================
[2022-02-28 02:04:10] [[32minfo[39m]: ==================== constructor AuthenticationService====================
[2022-02-28 02:04:10] [[32minfo[39m]: ==================== constructor RoleRepository====================
[2022-02-28 02:04:10] [[32minfo[39m]: ==================== constructor RoleService====================
[2022-02-28 02:04:14] [[32minfo[39m]: ==================== RoleService, call method Create ====================
[2022-02-28 02:04:14] [[32minfo[39m]: ==================== RoleRepository, call method Create ====================
[2022-02-28 02:09:20] [[32minfo[39m]: ==================== RoleService, call method Create ====================
[2022-02-28 02:09:20] [[32minfo[39m]: ==================== RoleRepository, call method Create ====================
[2022-02-28 02:09:22] [[32minfo[39m]: ==================== constructor AuthenticationRepository====================
[2022-02-28 02:09:22] [[32minfo[39m]: ==================== constructor AuthenticationService====================
[2022-02-28 02:09:22] [[32minfo[39m]: ==================== constructor RoleRepository====================
[2022-02-28 02:09:22] [[32minfo[39m]: ==================== constructor RoleService====================
[2022-02-28 02:09:25] [[32minfo[39m]: ==================== RoleService, call method Create ====================
[2022-02-28 02:09:25] [[32minfo[39m]: ==================== RoleRepository, call method Create ====================
[2022-02-28 02:10:56] [[32minfo[39m]: ==================== RoleService, call method GetAll ====================
[2022-02-28 02:10:56] [[32minfo[39m]: ==================== RoleRepository, call method GetAll ====================
[2022-02-28 02:12:18] [[32minfo[39m]: ==================== constructor AuthenticationRepository====================
[2022-02-28 02:12:18] [[32minfo[39m]: ==================== constructor AuthenticationService====================
[2022-02-28 02:12:18] [[32minfo[39m]: ==================== constructor RoleRepository====================
[2022-02-28 02:12:18] [[32minfo[39m]: ==================== constructor RoleService====================
[2022-02-28 02:12:46] [[32minfo[39m]: ==================== constructor AuthenticationRepository====================
[2022-02-28 02:12:46] [[32minfo[39m]: ==================== constructor AuthenticationService====================
[2022-02-28 02:12:46] [[32minfo[39m]: ==================== constructor RoleRepository====================
[2022-02-28 02:12:46] [[32minfo[39m]: ==================== constructor RoleService====================
[2022-02-28 02:13:20] [[32minfo[39m]: ==================== constructor AuthenticationRepository====================
[2022-02-28 02:13:20] [[32minfo[39m]: ==================== constructor AuthenticationService====================
[2022-02-28 02:13:20] [[32minfo[39m]: ==================== constructor RoleRepository====================
[2022-02-28 02:13:20] [[32minfo[39m]: ==================== constructor RoleService====================
[2022-02-28 02:13:35] [[32minfo[39m]: ==================== RoleService, call method Update ====================
[2022-02-28 02:14:29] [[32minfo[39m]: ==================== constructor AuthenticationRepository====================
[2022-02-28 02:14:29] [[32minfo[39m]: ==================== constructor AuthenticationService====================
[2022-02-28 02:14:29] [[32minfo[39m]: ==================== constructor RoleRepository====================
[2022-02-28 02:14:29] [[32minfo[39m]: ==================== constructor RoleService====================
[2022-02-28 02:14:33] [[32minfo[39m]: ==================== RoleService, call method Update ====================
[2022-02-28 02:15:16] [[32minfo[39m]: ==================== constructor AuthenticationRepository====================
[2022-02-28 02:15:16] [[32minfo[39m]: ==================== constructor AuthenticationService====================
[2022-02-28 02:15:16] [[32minfo[39m]: ==================== constructor RoleRepository====================
[2022-02-28 02:15:16] [[32minfo[39m]: ==================== constructor RoleService====================
[2022-02-28 02:15:22] [[32minfo[39m]: ==================== RoleService, call method Update ====================
[2022-02-28 02:18:44] [[32minfo[39m]: ==================== constructor AuthenticationRepository====================
[2022-02-28 02:18:44] [[32minfo[39m]: ==================== constructor AuthenticationService====================
[2022-02-28 02:18:44] [[32minfo[39m]: ==================== constructor RoleRepository====================
[2022-02-28 02:18:44] [[32minfo[39m]: ==================== constructor RoleService====================
[2022-02-28 02:18:51] [[32minfo[39m]: ==================== RoleService, call method Update ====================
[2022-02-28 02:18:51] [[32minfo[39m]: ==================== RoleRepository, call method Create ====================
[2022-02-28 02:19:53] [[32minfo[39m]: ==================== constructor AuthenticationRepository====================
[2022-02-28 02:19:53] [[32minfo[39m]: ==================== constructor AuthenticationService====================
[2022-02-28 02:19:53] [[32minfo[39m]: ==================== constructor RoleRepository====================
[2022-02-28 02:19:53] [[32minfo[39m]: ==================== constructor RoleService====================
[2022-02-28 02:19:56] [[32minfo[39m]: ==================== RoleService, call method Update ====================
[2022-02-28 02:19:56] [[32minfo[39m]: ==================== RoleRepository, call method Update ====================
[2022-02-28 02:21:20] [[32minfo[39m]: ==================== constructor AuthenticationRepository====================
[2022-02-28 02:21:20] [[32minfo[39m]: ==================== constructor AuthenticationService====================
[2022-02-28 02:21:20] [[32minfo[39m]: ==================== constructor RoleRepository====================
[2022-02-28 02:21:20] [[32minfo[39m]: ==================== constructor RoleService====================
[2022-02-28 02:21:23] [[32minfo[39m]: ==================== RoleService, call method Update ====================
[2022-02-28 02:21:23] [[32minfo[39m]: ==================== RoleRepository, call method Update ====================
[2022-02-28 02:22:13] [[32minfo[39m]: ==================== constructor AuthenticationRepository====================
[2022-02-28 02:22:13] [[32minfo[39m]: ==================== constructor AuthenticationService====================
[2022-02-28 02:22:13] [[32minfo[39m]: ==================== constructor RoleRepository====================
[2022-02-28 02:22:13] [[32minfo[39m]: ==================== constructor RoleService====================
[2022-02-28 02:22:21] [[32minfo[39m]: ==================== RoleService, call method Update ====================
[2022-02-28 02:22:21] [[32minfo[39m]: ==================== RoleRepository, call method Update ====================
[2022-02-28 02:23:18] [[32minfo[39m]: ==================== RoleService, call method GetAll ====================
[2022-02-28 02:23:18] [[32minfo[39m]: ==================== RoleRepository, call method GetAll ====================
[2022-02-28 02:24:03] [[32minfo[39m]: ==================== RoleService, call method GetById ====================
[2022-02-28 02:24:03] [[32minfo[39m]: ==================== RoleRepository, call method GetById ====================
[2022-02-28 02:26:26] [[32minfo[39m]: ==================== constructor AuthenticationRepository====================
[2022-02-28 02:26:26] [[32minfo[39m]: ==================== constructor AuthenticationService====================
[2022-02-28 02:26:26] [[32minfo[39m]: ==================== constructor RoleRepository====================
[2022-02-28 02:26:26] [[32minfo[39m]: ==================== constructor RoleService====================
[2022-02-28 02:26:32] [[32minfo[39m]: ==================== RoleService, call method GetAll ====================
[2022-02-28 02:26:32] [[32minfo[39m]: ==================== RoleRepository, call method GetAll ====================
[2022-02-28 02:27:46] [[32minfo[39m]: ==================== constructor AuthenticationRepository====================
[2022-02-28 02:27:46] [[32minfo[39m]: ==================== constructor AuthenticationService====================
[2022-02-28 02:27:46] [[32minfo[39m]: ==================== constructor RoleRepository====================
[2022-02-28 02:27:46] [[32minfo[39m]: ==================== constructor RoleService====================
[2022-02-28 02:27:52] [[32minfo[39m]: ==================== RoleService, call method GetAll ====================
[2022-02-28 02:27:52] [[32minfo[39m]: ==================== RoleRepository, call method GetAll ====================
[2022-02-28 02:29:20] [[32minfo[39m]: ==================== constructor AuthenticationRepository====================
[2022-02-28 02:29:20] [[32minfo[39m]: ==================== constructor AuthenticationService====================
[2022-02-28 02:29:20] [[32minfo[39m]: ==================== constructor RoleRepository====================
[2022-02-28 02:29:20] [[32minfo[39m]: ==================== constructor RoleService====================
[2022-02-28 02:29:24] [[32minfo[39m]: ==================== RoleService, call method GetAll ====================
[2022-02-28 02:29:24] [[32minfo[39m]: ==================== RoleRepository, call method GetAll ====================
[2022-02-28 02:30:45] [[32minfo[39m]: ==================== constructor AuthenticationRepository====================
[2022-02-28 02:30:45] [[32minfo[39m]: ==================== constructor AuthenticationService====================
[2022-02-28 02:30:45] [[32minfo[39m]: ==================== constructor RoleRepository====================
[2022-02-28 02:30:45] [[32minfo[39m]: ==================== constructor RoleService====================
[2022-02-28 02:30:56] [[32minfo[39m]: ==================== RoleService, call method GetById ====================
[2022-02-28 02:30:56] [[32minfo[39m]: ==================== RoleRepository, call method GetById ====================
[2022-02-28 02:31:10] [[32minfo[39m]: ==================== RoleService, call method Create ====================
[2022-02-28 02:31:10] [[32minfo[39m]: ==================== RoleRepository, call method Create ====================
[2022-02-28 02:35:17] [[32minfo[39m]: ==================== constructor AuthenticationRepository====================
[2022-02-28 02:35:17] [[32minfo[39m]: ==================== constructor AuthenticationService====================
[2022-02-28 02:35:17] [[32minfo[39m]: ==================== constructor RoleRepository====================
[2022-02-28 02:35:17] [[32minfo[39m]: ==================== constructor RoleService====================
[2022-02-28 02:35:31] [[32minfo[39m]: ==================== RoleService, call method Update ====================
[2022-02-28 02:35:31] [[32minfo[39m]: ==================== RoleRepository, call method Update ====================
[2022-02-28 02:36:49] [[32minfo[39m]: ==================== constructor AuthenticationRepository====================
[2022-02-28 02:36:49] [[32minfo[39m]: ==================== constructor AuthenticationService====================
[2022-02-28 02:36:49] [[32minfo[39m]: ==================== constructor RoleRepository====================
[2022-02-28 02:36:49] [[32minfo[39m]: ==================== constructor RoleService====================
[2022-02-28 02:36:54] [[32minfo[39m]: ==================== RoleService, call method Update ====================
[2022-02-28 02:36:54] [[32minfo[39m]: ==================== RoleRepository, call method Update ====================
[2022-02-28 02:37:04] [[32minfo[39m]: ==================== RoleService, call method Create ====================
[2022-02-28 02:37:04] [[32minfo[39m]: ==================== RoleRepository, call method Create ====================
[2022-02-28 02:38:52] [[32minfo[39m]: ==================== constructor AuthenticationRepository====================
[2022-02-28 02:38:52] [[32minfo[39m]: ==================== constructor AuthenticationService====================
[2022-02-28 02:38:52] [[32minfo[39m]: ==================== constructor RoleRepository====================
[2022-02-28 02:38:52] [[32minfo[39m]: ==================== constructor RoleService====================
[2022-02-28 02:38:59] [[32minfo[39m]: ==================== RoleService, call method Create ====================
[2022-02-28 02:38:59] [[32minfo[39m]: ==================== RoleRepository, call method Create ====================
[2022-02-28 02:43:44] [[32minfo[39m]: ==================== constructor AuthenticationRepository====================
[2022-02-28 02:43:44] [[32minfo[39m]: ==================== constructor AuthenticationService====================
[2022-02-28 02:43:44] [[32minfo[39m]: ==================== constructor RoleRepository====================
[2022-02-28 02:43:44] [[32minfo[39m]: ==================== constructor RoleService====================
[2022-02-28 02:43:51] [[32minfo[39m]: ==================== RoleService, call method Create ====================
[2022-02-28 02:43:51] [[32minfo[39m]: ==================== RoleRepository, call method Create ====================
[2022-02-28 02:45:13] [[32minfo[39m]: ==================== constructor AuthenticationRepository====================
[2022-02-28 02:45:13] [[32minfo[39m]: ==================== constructor AuthenticationService====================
[2022-02-28 02:45:13] [[32minfo[39m]: ==================== constructor RoleRepository====================
[2022-02-28 02:45:13] [[32minfo[39m]: ==================== constructor RoleService====================
[2022-02-28 02:45:17] [[32minfo[39m]: ==================== RoleService, call method Create ====================
[2022-02-28 02:45:17] [[32minfo[39m]: ==================== RoleRepository, call method Create ====================
[2022-02-28 02:45:56] [[32minfo[39m]: ==================== constructor AuthenticationRepository====================
[2022-02-28 02:45:56] [[32minfo[39m]: ==================== constructor AuthenticationService====================
[2022-02-28 02:45:56] [[32minfo[39m]: ==================== constructor RoleRepository====================
[2022-02-28 02:45:56] [[32minfo[39m]: ==================== constructor RoleService====================
[2022-02-28 02:46:02] [[32minfo[39m]: ==================== RoleService, call method Create ====================
[2022-02-28 02:46:02] [[32minfo[39m]: ==================== RoleRepository, call method Create ====================
[2022-02-28 02:46:32] [[32minfo[39m]: ==================== constructor AuthenticationRepository====================
[2022-02-28 02:46:32] [[32minfo[39m]: ==================== constructor AuthenticationService====================
[2022-02-28 02:46:32] [[32minfo[39m]: ==================== constructor RoleRepository====================
[2022-02-28 02:46:32] [[32minfo[39m]: ==================== constructor RoleService====================
[2022-02-28 02:46:37] [[32minfo[39m]: ==================== RoleService, call method Create ====================
[2022-02-28 02:46:37] [[32minfo[39m]: ==================== RoleRepository, call method Create ====================
[2022-03-03 16:57:19] [[32minfo[39m]: ==================== constructor AuthenticationRepository====================
[2022-03-03 16:57:19] [[32minfo[39m]: ==================== constructor AuthenticationService====================
[2022-03-03 16:57:19] [[32minfo[39m]: ==================== constructor RoleRepository====================
[2022-03-03 16:57:19] [[32minfo[39m]: ==================== constructor RoleService====================
[2022-03-03 16:58:03] [[32minfo[39m]: ==================== AuthenticationService, call method GetAll ====================
[2022-03-03 16:58:03] [[32minfo[39m]: ==================== AuthenticationRepository, call method GetAll ====================
[2022-03-03 17:03:52] [[32minfo[39m]: ==================== AuthenticationService, call method GetAll ====================
[2022-03-03 17:03:52] [[32minfo[39m]: ==================== AuthenticationRepository, call method GetAll ====================
[2022-03-03 17:04:02] [[32minfo[39m]: ==================== AuthenticationService, call method GetAll ====================
[2022-03-03 17:04:02] [[32minfo[39m]: ==================== AuthenticationRepository, call method GetAll ====================
[2022-03-03 17:07:27] [[32minfo[39m]: ==================== AuthenticationService, call method GetAll ====================
[2022-03-03 17:07:27] [[32minfo[39m]: ==================== AuthenticationRepository, call method GetAll ====================
[2022-03-03 17:08:03] [[32minfo[39m]: ==================== constructor AuthenticationRepository====================
[2022-03-03 17:08:03] [[32minfo[39m]: ==================== constructor AuthenticationService====================
[2022-03-03 17:08:03] [[32minfo[39m]: ==================== constructor RoleRepository====================
[2022-03-03 17:08:03] [[32minfo[39m]: ==================== constructor RoleService====================
[2022-03-03 17:08:10] [[32minfo[39m]: ==================== AuthenticationService, call method GetAll ====================
[2022-03-03 17:08:10] [[32minfo[39m]: ==================== AuthenticationRepository, call method GetAll ====================
[2022-03-03 17:08:10] [[32minfo[39m]: ==================== AuthenticationService, call method GetAll ====================
[2022-03-03 17:08:10] [[32minfo[39m]: ==================== AuthenticationRepository, call method GetAll ====================
[2022-03-03 17:09:37] [[32minfo[39m]: ==================== constructor AuthenticationRepository====================
[2022-03-03 17:09:37] [[32minfo[39m]: ==================== constructor AuthenticationService====================
[2022-03-03 17:09:37] [[32minfo[39m]: ==================== constructor RoleRepository====================
[2022-03-03 17:09:37] [[32minfo[39m]: ==================== constructor RoleService====================
[2022-03-03 17:09:51] [[32minfo[39m]: ==================== AuthenticationService, call method GetAll ====================
[2022-03-03 17:09:51] [[32minfo[39m]: ==================== AuthenticationRepository, call method GetAll ====================
[2022-03-03 17:09:51] [[32minfo[39m]: ==================== AuthenticationService, call method GetAll ====================
[2022-03-03 17:09:51] [[32minfo[39m]: ==================== AuthenticationRepository, call method GetAll ====================
[2022-03-03 17:15:18] [[32minfo[39m]: ==================== constructor AuthenticationRepository====================
[2022-03-03 17:15:18] [[32minfo[39m]: ==================== constructor AuthenticationService====================
[2022-03-03 17:15:18] [[32minfo[39m]: ==================== constructor RoleRepository====================
[2022-03-03 17:15:18] [[32minfo[39m]: ==================== constructor RoleService====================
[2022-03-03 17:15:33] [[32minfo[39m]: ==================== AuthenticationService, call method GetAll ====================
[2022-03-03 17:15:33] [[32minfo[39m]: ==================== AuthenticationRepository, call method GetAll ====================
[2022-03-03 17:21:37] [[32minfo[39m]: ==================== constructor AuthenticationRepository====================
[2022-03-03 17:21:37] [[32minfo[39m]: ==================== constructor AuthenticationService====================
[2022-03-03 17:21:37] [[32minfo[39m]: ==================== constructor RoleRepository====================
[2022-03-03 17:21:37] [[32minfo[39m]: ==================== constructor RoleService====================
[2022-03-03 17:21:42] [[32minfo[39m]: ==================== AuthenticationService, call method GetAll ====================
[2022-03-03 17:21:42] [[32minfo[39m]: ==================== AuthenticationRepository, call method GetAll ====================
[2022-03-03 17:21:42] [[32minfo[39m]: ==================== AuthenticationService, call method GetAll ====================
[2022-03-03 17:21:42] [[32minfo[39m]: ==================== AuthenticationRepository, call method GetAll ====================
[2022-03-03 17:22:46] [[32minfo[39m]: ==================== constructor AuthenticationRepository====================
[2022-03-03 17:22:46] [[32minfo[39m]: ==================== constructor AuthenticationService====================
[2022-03-03 17:22:46] [[32minfo[39m]: ==================== constructor RoleRepository====================
[2022-03-03 17:22:46] [[32minfo[39m]: ==================== constructor RoleService====================
[2022-03-03 17:22:48] [[32minfo[39m]: ==================== AuthenticationService, call method GetAll ====================
[2022-03-03 17:22:48] [[32minfo[39m]: ==================== AuthenticationRepository, call method GetAll ====================
[2022-03-03 17:22:48] [[32minfo[39m]: ==================== AuthenticationService, call method GetAll ====================
[2022-03-03 17:22:48] [[32minfo[39m]: ==================== AuthenticationRepository, call method GetAll ====================
[2022-03-03 17:23:28] [[32minfo[39m]: ==================== constructor AuthenticationRepository====================
[2022-03-03 17:23:28] [[32minfo[39m]: ==================== constructor AuthenticationService====================
[2022-03-03 17:23:28] [[32minfo[39m]: ==================== constructor RoleRepository====================
[2022-03-03 17:23:28] [[32minfo[39m]: ==================== constructor RoleService====================
[2022-03-03 17:23:33] [[32minfo[39m]: ==================== AuthenticationService, call method GetAll ====================
[2022-03-03 17:23:33] [[32minfo[39m]: ==================== AuthenticationRepository, call method GetAll ====================
[2022-03-03 17:23:33] [[32minfo[39m]: ==================== AuthenticationService, call method GetAll ====================
[2022-03-03 17:23:33] [[32minfo[39m]: ==================== AuthenticationRepository, call method GetAll ====================
[2022-03-03 17:23:50] [[32minfo[39m]: ==================== constructor AuthenticationRepository====================
[2022-03-03 17:23:50] [[32minfo[39m]: ==================== constructor AuthenticationService====================
[2022-03-03 17:23:51] [[32minfo[39m]: ==================== constructor RoleRepository====================
[2022-03-03 17:23:51] [[32minfo[39m]: ==================== constructor RoleService====================
[2022-03-03 17:23:57] [[32minfo[39m]: ==================== constructor AuthenticationRepository====================
[2022-03-03 17:23:57] [[32minfo[39m]: ==================== constructor AuthenticationService====================
[2022-03-03 17:23:57] [[32minfo[39m]: ==================== constructor RoleRepository====================
[2022-03-03 17:23:57] [[32minfo[39m]: ==================== constructor RoleService====================
[2022-03-03 17:24:02] [[32minfo[39m]: ==================== AuthenticationService, call method GetAll ====================
[2022-03-03 17:24:02] [[32minfo[39m]: ==================== AuthenticationRepository, call method GetAll ====================
[2022-03-03 17:24:02] [[32minfo[39m]: ==================== AuthenticationService, call method GetAll ====================
[2022-03-03 17:24:02] [[32minfo[39m]: ==================== AuthenticationRepository, call method GetAll ====================
[2022-03-03 17:25:35] [[32minfo[39m]: ==================== constructor AuthenticationRepository====================
[2022-03-03 17:25:35] [[32minfo[39m]: ==================== constructor AuthenticationService====================
[2022-03-03 17:25:35] [[32minfo[39m]: ==================== constructor RoleRepository====================
[2022-03-03 17:25:35] [[32minfo[39m]: ==================== constructor RoleService====================
[2022-03-03 17:25:40] [[32minfo[39m]: ==================== AuthenticationService, call method GetAll ====================
[2022-03-03 17:25:40] [[32minfo[39m]: ==================== AuthenticationRepository, call method GetAll ====================
[2022-03-03 17:28:43] [[32minfo[39m]: ==================== constructor AuthenticationRepository====================
[2022-03-03 17:28:43] [[32minfo[39m]: ==================== constructor AuthenticationService====================
[2022-03-03 17:28:43] [[32minfo[39m]: ==================== constructor RoleRepository====================
[2022-03-03 17:28:43] [[32minfo[39m]: ==================== constructor RoleService====================
[2022-03-03 17:28:48] [[32minfo[39m]: ==================== AuthenticationService, call method GetAll ====================
[2022-03-03 17:28:48] [[32minfo[39m]: ==================== AuthenticationRepository, call method GetAll ====================
